2025-04-04 15:30:43,647 - db_helper - INFO - fetch_expenses_for_date called with 2024-08-01
2025-04-05 10:19:34,008 - db_helper - INFO - fetch_expenses_for_date called with 2024-08-01
2025-04-05 10:19:46,343 - db_helper - INFO - fetch_expenses_for_date called with 2024-08-02
2025-04-05 10:19:58,700 - db_helper - INFO - fetch_expenses_for_date called with 2024-08-01
2025-04-05 10:26:54,620 - db_helper - INFO - fetch_expenses_for_date called with 2024-08-01
2025-04-05 10:28:57,189 - db_helper - INFO - fetch_expenses_for_date called with 2024-08-01
2025-04-05 10:29:52,387 - db_helper - INFO - fetch_expenses_for_date called with 2024-08-01
2025-04-05 10:31:48,305 - db_helper - INFO - fetch_expenses_for_date called with 2024-08-01
2025-04-05 10:41:06,888 - db_helper - INFO - fetch_expenses_for_date called with 2024-08-01
2025-04-05 10:41:58,850 - db_helper - INFO - fetch_expenses_for_date called with 2024-08-01
2025-04-05 10:42:50,040 - db_helper - INFO - fetch_expenses_for_date called with 2024-08-01
2025-04-05 10:47:08,140 - db_helper - INFO - fetch_expenses_for_date called with 2024-08-01
2025-04-05 10:50:25,262 - db_helper - INFO - fetch_expenses_for_date called with 2024-08-01
2025-04-05 10:51:20,634 - db_helper - INFO - fetch_expenses_for_date called with 2024-08-01
2025-04-05 10:52:10,909 - db_helper - INFO - fetch_expenses_for_date called with 2024-08-01
2025-04-05 10:52:15,225 - db_helper - INFO - fetch_expenses_for_date called with 2024-08-02
2025-04-05 10:52:24,081 - db_helper - INFO - fetch_expenses_for_date called with 2024-08-07
2025-04-05 10:52:28,532 - db_helper - INFO - fetch_expenses_for_date called with 2024-08-01
2025-04-05 10:56:00,847 - db_helper - INFO - fetch_expenses_for_date called with 2024-08-01
2025-04-05 10:56:08,592 - db_helper - INFO - fetch_expenses_for_date called with 2024-08-07
2025-04-05 11:01:46,512 - db_helper - INFO - fetch_expenses_for_date called with 2024-08-07
2025-04-05 11:03:00,367 - db_helper - INFO - fetch_expenses_for_date called with 2024-08-07
2025-04-05 11:03:02,470 - db_helper - INFO - delete_expenses_for_date called with 2024-08-07
2025-04-05 11:03:02,635 - db_helper - INFO - insert_expense called with date: 2024-08-07, amount: 20.0, category: Shopping, notes: bought books
2025-04-05 11:03:02,906 - db_helper - INFO - insert_expense called with date: 2024-08-07, amount: 10.0, category: Shopping, notes: bought pens
2025-04-05 11:03:02,939 - db_helper - INFO - insert_expense called with date: 2024-08-07, amount: 30.0, category: Food, notes: ice-cream
2025-04-05 11:04:32,814 - db_helper - INFO - fetch_expenses_for_date called with 2024-08-01
2025-04-05 11:04:37,689 - db_helper - INFO - fetch_expenses_for_date called with 2024-08-07
2025-04-05 14:24:01,876 - db_helper - INFO - fetch_expense_summary called with start: 2024-08-01 end: 2024-08-05
2025-04-05 15:20:07,290 - db_helper - INFO - fetch_expense_summary called with start: 2024-08-01 end: 2024-08-05
2025-04-05 15:32:46,812 - db_helper - INFO - fetch_expenses_for_date called with 2024-08-01
2025-04-05 15:32:51,071 - db_helper - INFO - fetch_expenses_for_date called with 2024-08-08
2025-04-05 15:32:55,357 - db_helper - INFO - fetch_expenses_for_date called with 2024-08-06
2025-04-05 15:33:01,861 - db_helper - INFO - fetch_expenses_for_date called with 2024-08-24
2025-04-05 15:33:06,723 - db_helper - INFO - fetch_expenses_for_date called with 2024-08-05
2025-04-05 15:35:29,650 - db_helper - INFO - fetch_expenses_for_date called with 2024-08-05
2025-04-05 15:44:39,816 - db_helper - INFO - fetch_expenses_for_date called with 2024-08-05
2025-04-05 15:44:42,944 - db_helper - INFO - fetch_expenses_for_date called with 2024-08-05
2025-04-05 15:44:45,048 - db_helper - INFO - fetch_expense_summary called with start: 2024-08-01 end: 2024-08-05
2025-04-05 15:47:44,364 - db_helper - INFO - fetch_expenses_for_date called with 2024-08-05
2025-04-05 15:47:47,909 - db_helper - INFO - fetch_expenses_for_date called with 2024-08-05
2025-04-05 15:47:50,022 - db_helper - INFO - fetch_expense_summary called with start: 2024-08-01 end: 2024-08-05
2025-04-05 15:53:02,200 - db_helper - INFO - fetch_expenses_for_date called with 2024-08-05
2025-04-05 15:53:05,783 - db_helper - INFO - fetch_expenses_for_date called with 2024-08-05
2025-04-05 15:53:07,902 - db_helper - INFO - fetch_expense_summary called with start: 2024-08-01 end: 2024-08-05
2025-04-05 15:58:57,741 - db_helper - INFO - fetch_expenses_for_date called with 2024-08-05
2025-04-05 15:59:01,492 - db_helper - INFO - fetch_expenses_for_date called with 2024-08-05
2025-04-05 15:59:03,578 - db_helper - INFO - fetch_expense_summary called with start: 2024-08-01 end: 2024-08-05
2025-04-05 16:01:33,801 - db_helper - INFO - fetch_expenses_for_date called with 2024-08-05
2025-04-05 16:01:38,730 - db_helper - INFO - fetch_expenses_for_date called with 2024-08-05
2025-04-05 16:01:40,824 - db_helper - INFO - fetch_expense_summary called with start: 2024-08-01 end: 2024-08-05
